  pch.cpp
  BaseAnalogStickCommand.cpp
  BaseAnalogTriggerCommand.cpp
  BaseCommand.cpp
  BaseComponent.cpp
  Font.cpp
  FPSTextComponent.cpp
  GameObject.cpp
  HealthComponent.cpp
  InputManager.cpp
  Renderer.cpp
  ResourceManager.cpp
  Scene.cpp
  SceneManager.cpp
  ScoreComponent.cpp
  SpriteAnimComponent.cpp
  Subject.cpp
  SystemTime.cpp
  Texture2D.cpp
  Texture2DComponent.cpp
  TextComponent.cpp
  Compiling...
  Transform.cpp
  TransformComponent.cpp
D:\DAE\2020_2021\S4\Prog4\1A-Retake\GameEngine\DAE_Prog4_Galaga\TVDengine\TransformComponent.cpp(22,51): warning C4244: 'argument': conversion from 'int' to 'float', possible loss of data
D:\DAE\2020_2021\S4\Prog4\1A-Retake\GameEngine\DAE_Prog4_Galaga\TVDengine\TransformComponent.cpp(22,35): warning C4244: 'argument': conversion from 'int' to 'float', possible loss of data
D:\DAE\2020_2021\S4\Prog4\1A-Retake\GameEngine\DAE_Prog4_Galaga\TVDengine\TransformComponent.cpp(35,54): warning C4244: 'argument': conversion from 'int' to 'float', possible loss of data
D:\DAE\2020_2021\S4\Prog4\1A-Retake\GameEngine\DAE_Prog4_Galaga\TVDengine\TransformComponent.cpp(35,38): warning C4244: 'argument': conversion from 'int' to 'float', possible loss of data
  TVDengine.cpp
  TVDengine.vcxproj -> D:\DAE\2020_2021\S4\Prog4\1A-Retake\GameEngine\DAE_Prog4_Galaga\x64\Release\TVDengine.lib
