d:\dae\2020_2021\s4\prog4\1a-retake\gameengine\dae_prog4_galaga\minigin\win32\release\galaga.pch
d:\dae\2020_2021\s4\prog4\1a-retake\gameengine\dae_prog4_galaga\minigin\win32\release\vc142.pdb
d:\dae\2020_2021\s4\prog4\1a-retake\gameengine\dae_prog4_galaga\minigin\win32\release\miniginpch.obj
d:\dae\2020_2021\s4\prog4\1a-retake\gameengine\dae_prog4_galaga\minigin\win32\release\scoreobserver.obj
d:\dae\2020_2021\s4\prog4\1a-retake\gameengine\dae_prog4_galaga\minigin\win32\release\minigin.obj
d:\dae\2020_2021\s4\prog4\1a-retake\gameengine\dae_prog4_galaga\minigin\win32\release\main.obj
d:\dae\2020_2021\s4\prog4\1a-retake\gameengine\dae_prog4_galaga\minigin\win32\release\livesobserver.obj
d:\dae\2020_2021\s4\prog4\1a-retake\gameengine\dae_prog4_galaga\minigin\win32\release\fightershipmovementcomponent.obj
d:\dae\2020_2021\s4\prog4\1a-retake\gameengine\dae_prog4_galaga\win32\release\galaga.lib
d:\dae\2020_2021\s4\prog4\1a-retake\gameengine\dae_prog4_galaga\win32\release\galaga.exp
d:\dae\2020_2021\s4\prog4\1a-retake\gameengine\dae_prog4_galaga\win32\release\galaga.exe
d:\dae\2020_2021\s4\prog4\1a-retake\gameengine\dae_prog4_galaga\minigin\win32\release\galaga.ipdb
d:\dae\2020_2021\s4\prog4\1a-retake\gameengine\dae_prog4_galaga\minigin\win32\release\galaga.iobj
d:\dae\2020_2021\s4\prog4\1a-retake\gameengine\dae_prog4_galaga\win32\release\galaga.pdb
d:\dae\2020_2021\s4\prog4\1a-retake\gameengine\dae_prog4_galaga\minigin\win32\release\galaga.tlog\cl.command.1.tlog
d:\dae\2020_2021\s4\prog4\1a-retake\gameengine\dae_prog4_galaga\minigin\win32\release\galaga.tlog\cl.read.1.tlog
d:\dae\2020_2021\s4\prog4\1a-retake\gameengine\dae_prog4_galaga\minigin\win32\release\galaga.tlog\cl.write.1.tlog
d:\dae\2020_2021\s4\prog4\1a-retake\gameengine\dae_prog4_galaga\minigin\win32\release\galaga.tlog\galaga.write.1u.tlog
d:\dae\2020_2021\s4\prog4\1a-retake\gameengine\dae_prog4_galaga\minigin\win32\release\galaga.tlog\link.command.1.tlog
d:\dae\2020_2021\s4\prog4\1a-retake\gameengine\dae_prog4_galaga\minigin\win32\release\galaga.tlog\link.read.1.tlog
d:\dae\2020_2021\s4\prog4\1a-retake\gameengine\dae_prog4_galaga\minigin\win32\release\galaga.tlog\link.write.1.tlog
