d:\dae\2020_2021\s4\prog4\1a-retake\gameengine\dae_prog4_galaga\minigin\x64\release\galaga.pch
d:\dae\2020_2021\s4\prog4\1a-retake\gameengine\dae_prog4_galaga\minigin\x64\release\vc142.pdb
d:\dae\2020_2021\s4\prog4\1a-retake\gameengine\dae_prog4_galaga\minigin\x64\release\miniginpch.obj
d:\dae\2020_2021\s4\prog4\1a-retake\gameengine\dae_prog4_galaga\minigin\x64\release\scoreobserver.obj
d:\dae\2020_2021\s4\prog4\1a-retake\gameengine\dae_prog4_galaga\minigin\x64\release\rocketmovementcomponent.obj
d:\dae\2020_2021\s4\prog4\1a-retake\gameengine\dae_prog4_galaga\minigin\x64\release\rocketmanager.obj
d:\dae\2020_2021\s4\prog4\1a-retake\gameengine\dae_prog4_galaga\minigin\x64\release\minigin.obj
d:\dae\2020_2021\s4\prog4\1a-retake\gameengine\dae_prog4_galaga\minigin\x64\release\main.obj
d:\dae\2020_2021\s4\prog4\1a-retake\gameengine\dae_prog4_galaga\minigin\x64\release\livesobserver.obj
d:\dae\2020_2021\s4\prog4\1a-retake\gameengine\dae_prog4_galaga\minigin\x64\release\fightershipmovementcomponent.obj
d:\dae\2020_2021\s4\prog4\1a-retake\gameengine\dae_prog4_galaga\minigin\x64\release\enemyflyinmovement.obj
d:\dae\2020_2021\s4\prog4\1a-retake\gameengine\dae_prog4_galaga\minigin\x64\release\collisionmanager.obj
d:\dae\2020_2021\s4\prog4\1a-retake\gameengine\dae_prog4_galaga\minigin\x64\release\bezierpath.obj
d:\dae\2020_2021\s4\prog4\1a-retake\gameengine\dae_prog4_galaga\minigin\x64\release\beziercurve.obj
d:\dae\2020_2021\s4\prog4\1a-retake\gameengine\dae_prog4_galaga\minigin\x64\release\baseenemymovementcomponent.obj
d:\dae\2020_2021\s4\prog4\1a-retake\gameengine\dae_prog4_galaga\minigin\x64\release\beeflyinstate.obj
d:\dae\2020_2021\s4\prog4\1a-retake\gameengine\dae_prog4_galaga\minigin\x64\release\explosionmanager.obj
d:\dae\2020_2021\s4\prog4\1a-retake\gameengine\dae_prog4_galaga\minigin\x64\release\enemymanager.obj
d:\dae\2020_2021\s4\prog4\1a-retake\gameengine\dae_prog4_galaga\minigin\x64\release\birdmovementcomponent.obj
d:\dae\2020_2021\s4\prog4\1a-retake\gameengine\dae_prog4_galaga\minigin\x64\release\birdinformationstate.obj
d:\dae\2020_2021\s4\prog4\1a-retake\gameengine\dae_prog4_galaga\minigin\x64\release\birdflyinstate.obj
d:\dae\2020_2021\s4\prog4\1a-retake\gameengine\dae_prog4_galaga\minigin\x64\release\birddivedownstate.obj
d:\dae\2020_2021\s4\prog4\1a-retake\gameengine\dae_prog4_galaga\minigin\x64\release\bfmovementcomponent.obj
d:\dae\2020_2021\s4\prog4\1a-retake\gameengine\dae_prog4_galaga\minigin\x64\release\bfflyinstate.obj
d:\dae\2020_2021\s4\prog4\1a-retake\gameengine\dae_prog4_galaga\minigin\x64\release\bfdivedownstate.obj
d:\dae\2020_2021\s4\prog4\1a-retake\gameengine\dae_prog4_galaga\minigin\x64\release\beemovementcomponent.obj
d:\dae\2020_2021\s4\prog4\1a-retake\gameengine\dae_prog4_galaga\minigin\x64\release\beedivedownstate.obj
d:\dae\2020_2021\s4\prog4\1a-retake\gameengine\dae_prog4_galaga\minigin\x64\release\baseenemystate.obj
d:\dae\2020_2021\s4\prog4\1a-retake\gameengine\dae_prog4_galaga\minigin\x64\release\audioeventhandler.obj
d:\dae\2020_2021\s4\prog4\1a-retake\gameengine\dae_prog4_galaga\minigin\x64\release\tractorbeamdangercomponent.obj
d:\dae\2020_2021\s4\prog4\1a-retake\gameengine\dae_prog4_galaga\minigin\x64\release\tractorbeamcomponent.obj
d:\dae\2020_2021\s4\prog4\1a-retake\gameengine\dae_prog4_galaga\minigin\x64\release\scoreeventhandler.obj
d:\dae\2020_2021\s4\prog4\1a-retake\gameengine\dae_prog4_galaga\minigin\x64\release\scorecomponent.obj
d:\dae\2020_2021\s4\prog4\1a-retake\gameengine\dae_prog4_galaga\minigin\x64\release\sceneloader.obj
d:\dae\2020_2021\s4\prog4\1a-retake\gameengine\dae_prog4_galaga\minigin\x64\release\playerhealthcomponent.obj
d:\dae\2020_2021\s4\prog4\1a-retake\gameengine\dae_prog4_galaga\minigin\x64\release\levelmanager.obj
d:\dae\2020_2021\s4\prog4\1a-retake\gameengine\dae_prog4_galaga\minigin\x64\release\levelclearedeventhandler.obj
d:\dae\2020_2021\s4\prog4\1a-retake\gameengine\dae_prog4_galaga\minigin\x64\release\informationstate.obj
d:\dae\2020_2021\s4\prog4\1a-retake\gameengine\dae_prog4_galaga\minigin\x64\release\healtheventhandler.obj
d:\dae\2020_2021\s4\prog4\1a-retake\gameengine\dae_prog4_galaga\minigin\x64\release\galagafilereader.obj
d:\dae\2020_2021\s4\prog4\1a-retake\gameengine\dae_prog4_galaga\minigin\x64\release\galagabackgroundcomponent.obj
d:\dae\2020_2021\s4\prog4\1a-retake\gameengine\dae_prog4_galaga\minigin\x64\release\baseflyinstate.obj
d:\dae\2020_2021\s4\prog4\1a-retake\gameengine\dae_prog4_galaga\x64\release\galaga.lib
d:\dae\2020_2021\s4\prog4\1a-retake\gameengine\dae_prog4_galaga\x64\release\galaga.exp
d:\dae\2020_2021\s4\prog4\1a-retake\gameengine\dae_prog4_galaga\x64\release\galaga.exe
d:\dae\2020_2021\s4\prog4\1a-retake\gameengine\dae_prog4_galaga\minigin\x64\release\galaga.ipdb
d:\dae\2020_2021\s4\prog4\1a-retake\gameengine\dae_prog4_galaga\minigin\x64\release\galaga.iobj
d:\dae\2020_2021\s4\prog4\1a-retake\gameengine\dae_prog4_galaga\x64\release\galaga.pdb
d:\dae\2020_2021\s4\prog4\1a-retake\gameengine\dae_prog4_galaga\minigin\x64\release\galaga.tlog\cl.command.1.tlog
d:\dae\2020_2021\s4\prog4\1a-retake\gameengine\dae_prog4_galaga\minigin\x64\release\galaga.tlog\cl.read.1.tlog
d:\dae\2020_2021\s4\prog4\1a-retake\gameengine\dae_prog4_galaga\minigin\x64\release\galaga.tlog\cl.write.1.tlog
d:\dae\2020_2021\s4\prog4\1a-retake\gameengine\dae_prog4_galaga\minigin\x64\release\galaga.tlog\galaga.write.1u.tlog
d:\dae\2020_2021\s4\prog4\1a-retake\gameengine\dae_prog4_galaga\minigin\x64\release\galaga.tlog\link.command.1.tlog
d:\dae\2020_2021\s4\prog4\1a-retake\gameengine\dae_prog4_galaga\minigin\x64\release\galaga.tlog\link.delete.1.tlog
d:\dae\2020_2021\s4\prog4\1a-retake\gameengine\dae_prog4_galaga\minigin\x64\release\galaga.tlog\link.read.1.tlog
d:\dae\2020_2021\s4\prog4\1a-retake\gameengine\dae_prog4_galaga\minigin\x64\release\galaga.tlog\link.write.1.tlog
