  MiniginPCH.cpp
  AudioEventHandler.cpp
  BaseEnemyMovementComponent.cpp
  BaseEnemyState.cpp
  BaseDynamicState.cpp
  BeeDiveDownState.cpp
  BeeMovementComponent.cpp
  BezierCurve.cpp
  BezierPath.cpp
  BFDiveDownState.cpp
  BFFlyInState.cpp
  BFMovementComponent.cpp
  BirdDiveDownState.cpp
  BirdFlyInState.cpp
  BirdInFormationState.cpp
  BirdMovementComponent.cpp
  CollisionManager.cpp
  EnemyFlyInMovement.cpp
  EnemyManager.cpp
  ExplosionManager.cpp
  FighterShipMovementComponent.cpp
  Compiling...
  BeeFlyInState.cpp
  GalagaBackgroundComponent.cpp
  GalagaFileReader.cpp
  HealthEventHandler.cpp
  InFormationState.cpp
  LevelClearedEventHandler.cpp
  LevelManager.cpp
  LivesObserver.cpp
  Main.cpp
  Minigin.cpp
  PlayerHealthComponent.cpp
  RocketManager.cpp
  RocketMovementComponent.cpp
  SceneLoader.cpp
  ScoreComponent.cpp
  ScoreEventHandler.cpp
  TractorBeamComponent.cpp
  TractorBeamDangerComponent.cpp
TVDengine.lib(InputManager.obj) : error LNK2005: "class std::map<struct std::pair<unsigned int,enum dae::KeyboardButton>,class std::unique_ptr<class Command,struct std::default_delete<class Command> >,struct std::less<struct std::pair<unsigned int,enum dae::KeyboardButton> >,class std::allocator<struct std::pair<struct std::pair<unsigned int,enum dae::KeyboardButton> const ,class std::unique_ptr<class Command,struct std::default_delete<class Command> > > > > dae::m_ConsoleCommands" (?m_ConsoleCommands@dae@@3V?$map@U?$pair@IW4KeyboardButton@dae@@@std@@V?$unique_ptr@VCommand@@U?$default_delete@VCommand@@@std@@@2@U?$less@U?$pair@IW4KeyboardButton@dae@@@std@@@2@V?$allocator@U?$pair@$$CBU?$pair@IW4KeyboardButton@dae@@@std@@V?$unique_ptr@VCommand@@U?$default_delete@VCommand@@@std@@@2@@std@@@2@@std@@A) already defined in Minigin.obj
     Creating library D:\DAE\2020_2021\S4\Prog4\1A-Retake\GameEngine\DAE_Prog4_Galaga\x64\Release\Galaga.lib and object D:\DAE\2020_2021\S4\Prog4\1A-Retake\GameEngine\DAE_Prog4_Galaga\x64\Release\Galaga.exp
D:\DAE\2020_2021\S4\Prog4\1A-Retake\GameEngine\DAE_Prog4_Galaga\x64\Release\Galaga.exe : fatal error LNK1169: one or more multiply defined symbols found
