d:\dae\2020_2021\s4\prog4\1a-retake\gameengine\dae_prog4_galaga\minigin\x64\debug\galaga.pch
d:\dae\2020_2021\s4\prog4\1a-retake\gameengine\dae_prog4_galaga\minigin\x64\debug\vc142.pdb
d:\dae\2020_2021\s4\prog4\1a-retake\gameengine\dae_prog4_galaga\minigin\x64\debug\vc142.idb
d:\dae\2020_2021\s4\prog4\1a-retake\gameengine\dae_prog4_galaga\minigin\x64\debug\miniginpch.obj
d:\dae\2020_2021\s4\prog4\1a-retake\gameengine\dae_prog4_galaga\minigin\x64\debug\beeflyinstate.obj
d:\dae\2020_2021\s4\prog4\1a-retake\gameengine\dae_prog4_galaga\minigin\x64\debug\fightershipmovementcomponent.obj
d:\dae\2020_2021\s4\prog4\1a-retake\gameengine\dae_prog4_galaga\minigin\x64\debug\explosionmanager.obj
d:\dae\2020_2021\s4\prog4\1a-retake\gameengine\dae_prog4_galaga\minigin\x64\debug\enemymanager.obj
d:\dae\2020_2021\s4\prog4\1a-retake\gameengine\dae_prog4_galaga\minigin\x64\debug\collisionmanager.obj
d:\dae\2020_2021\s4\prog4\1a-retake\gameengine\dae_prog4_galaga\minigin\x64\debug\birdbehaviorcomponent.obj
d:\dae\2020_2021\s4\prog4\1a-retake\gameengine\dae_prog4_galaga\minigin\x64\debug\birdinformationstate.obj
d:\dae\2020_2021\s4\prog4\1a-retake\gameengine\dae_prog4_galaga\minigin\x64\debug\birdflyinstate.obj
d:\dae\2020_2021\s4\prog4\1a-retake\gameengine\dae_prog4_galaga\minigin\x64\debug\birddivedownstate.obj
d:\dae\2020_2021\s4\prog4\1a-retake\gameengine\dae_prog4_galaga\minigin\x64\debug\bfbehaviorcomponent.obj
d:\dae\2020_2021\s4\prog4\1a-retake\gameengine\dae_prog4_galaga\minigin\x64\debug\bfflyinstate.obj
d:\dae\2020_2021\s4\prog4\1a-retake\gameengine\dae_prog4_galaga\minigin\x64\debug\bfdivedownstate.obj
d:\dae\2020_2021\s4\prog4\1a-retake\gameengine\dae_prog4_galaga\minigin\x64\debug\bezierpath.obj
d:\dae\2020_2021\s4\prog4\1a-retake\gameengine\dae_prog4_galaga\minigin\x64\debug\beziercurve.obj
d:\dae\2020_2021\s4\prog4\1a-retake\gameengine\dae_prog4_galaga\minigin\x64\debug\beebehaviorcomponent.obj
d:\dae\2020_2021\s4\prog4\1a-retake\gameengine\dae_prog4_galaga\minigin\x64\debug\beedivedownstate.obj
d:\dae\2020_2021\s4\prog4\1a-retake\gameengine\dae_prog4_galaga\minigin\x64\debug\basedynamicstate.obj
d:\dae\2020_2021\s4\prog4\1a-retake\gameengine\dae_prog4_galaga\minigin\x64\debug\baseenemystate.obj
d:\dae\2020_2021\s4\prog4\1a-retake\gameengine\dae_prog4_galaga\minigin\x64\debug\baseenemybehaviorcomponent.obj
d:\dae\2020_2021\s4\prog4\1a-retake\gameengine\dae_prog4_galaga\minigin\x64\debug\audioeventhandler.obj
d:\dae\2020_2021\s4\prog4\1a-retake\gameengine\dae_prog4_galaga\minigin\x64\debug\tractorbeamdangercomponent.obj
d:\dae\2020_2021\s4\prog4\1a-retake\gameengine\dae_prog4_galaga\minigin\x64\debug\tractorbeamcomponent.obj
d:\dae\2020_2021\s4\prog4\1a-retake\gameengine\dae_prog4_galaga\minigin\x64\debug\scoreeventhandler.obj
d:\dae\2020_2021\s4\prog4\1a-retake\gameengine\dae_prog4_galaga\minigin\x64\debug\scorecomponent.obj
d:\dae\2020_2021\s4\prog4\1a-retake\gameengine\dae_prog4_galaga\minigin\x64\debug\sceneloader.obj
d:\dae\2020_2021\s4\prog4\1a-retake\gameengine\dae_prog4_galaga\minigin\x64\debug\rocketmovementcomponent.obj
d:\dae\2020_2021\s4\prog4\1a-retake\gameengine\dae_prog4_galaga\minigin\x64\debug\rocketmanager.obj
d:\dae\2020_2021\s4\prog4\1a-retake\gameengine\dae_prog4_galaga\minigin\x64\debug\playerhealthcomponent.obj
d:\dae\2020_2021\s4\prog4\1a-retake\gameengine\dae_prog4_galaga\minigin\x64\debug\minigin.obj
d:\dae\2020_2021\s4\prog4\1a-retake\gameengine\dae_prog4_galaga\minigin\x64\debug\main.obj
d:\dae\2020_2021\s4\prog4\1a-retake\gameengine\dae_prog4_galaga\minigin\x64\debug\levelmanager.obj
d:\dae\2020_2021\s4\prog4\1a-retake\gameengine\dae_prog4_galaga\minigin\x64\debug\levelclearedeventhandler.obj
d:\dae\2020_2021\s4\prog4\1a-retake\gameengine\dae_prog4_galaga\minigin\x64\debug\informationstate.obj
d:\dae\2020_2021\s4\prog4\1a-retake\gameengine\dae_prog4_galaga\minigin\x64\debug\healtheventhandler.obj
d:\dae\2020_2021\s4\prog4\1a-retake\gameengine\dae_prog4_galaga\minigin\x64\debug\galagafilereader.obj
d:\dae\2020_2021\s4\prog4\1a-retake\gameengine\dae_prog4_galaga\minigin\x64\debug\galagabackgroundcomponent.obj
d:\dae\2020_2021\s4\prog4\2a-retake\github2\minigin\x64\debug\galaga.pch
d:\dae\2020_2021\s4\prog4\2a-retake\github2\minigin\x64\debug\vc142.pdb
d:\dae\2020_2021\s4\prog4\2a-retake\github2\minigin\x64\debug\vc142.idb
d:\dae\2020_2021\s4\prog4\2a-retake\github2\minigin\x64\debug\miniginpch.obj
d:\dae\2020_2021\s4\prog4\2a-retake\github2\minigin\x64\debug\beeflyinstate.obj
d:\dae\2020_2021\s4\prog4\2a-retake\github2\minigin\x64\debug\fightershipmovementcomponent.obj
d:\dae\2020_2021\s4\prog4\2a-retake\github2\minigin\x64\debug\explosionmanager.obj
d:\dae\2020_2021\s4\prog4\2a-retake\github2\minigin\x64\debug\enemymanager.obj
d:\dae\2020_2021\s4\prog4\2a-retake\github2\minigin\x64\debug\collisionmanager.obj
d:\dae\2020_2021\s4\prog4\2a-retake\github2\minigin\x64\debug\birdbehaviorcomponent.obj
d:\dae\2020_2021\s4\prog4\2a-retake\github2\minigin\x64\debug\birdinformationstate.obj
d:\dae\2020_2021\s4\prog4\2a-retake\github2\minigin\x64\debug\birdflyinstate.obj
d:\dae\2020_2021\s4\prog4\2a-retake\github2\minigin\x64\debug\birddivedownstate.obj
d:\dae\2020_2021\s4\prog4\2a-retake\github2\minigin\x64\debug\bfbehaviorcomponent.obj
d:\dae\2020_2021\s4\prog4\2a-retake\github2\minigin\x64\debug\bfflyinstate.obj
d:\dae\2020_2021\s4\prog4\2a-retake\github2\minigin\x64\debug\bfdivedownstate.obj
d:\dae\2020_2021\s4\prog4\2a-retake\github2\minigin\x64\debug\bezierpath.obj
d:\dae\2020_2021\s4\prog4\2a-retake\github2\minigin\x64\debug\beziercurve.obj
d:\dae\2020_2021\s4\prog4\2a-retake\github2\minigin\x64\debug\beebehaviorcomponent.obj
d:\dae\2020_2021\s4\prog4\2a-retake\github2\minigin\x64\debug\beedivedownstate.obj
d:\dae\2020_2021\s4\prog4\2a-retake\github2\minigin\x64\debug\basedynamicstate.obj
d:\dae\2020_2021\s4\prog4\2a-retake\github2\minigin\x64\debug\baseenemystate.obj
d:\dae\2020_2021\s4\prog4\2a-retake\github2\minigin\x64\debug\baseenemybehaviorcomponent.obj
d:\dae\2020_2021\s4\prog4\2a-retake\github2\minigin\x64\debug\audioeventhandler.obj
d:\dae\2020_2021\s4\prog4\2a-retake\github2\minigin\x64\debug\tractorbeamdangercomponent.obj
d:\dae\2020_2021\s4\prog4\2a-retake\github2\minigin\x64\debug\tractorbeamcomponent.obj
d:\dae\2020_2021\s4\prog4\2a-retake\github2\minigin\x64\debug\scoreeventhandler.obj
d:\dae\2020_2021\s4\prog4\2a-retake\github2\minigin\x64\debug\scorecomponent.obj
d:\dae\2020_2021\s4\prog4\2a-retake\github2\minigin\x64\debug\sceneloader.obj
d:\dae\2020_2021\s4\prog4\2a-retake\github2\minigin\x64\debug\rocketmovementcomponent.obj
d:\dae\2020_2021\s4\prog4\2a-retake\github2\minigin\x64\debug\rocketmanager.obj
d:\dae\2020_2021\s4\prog4\2a-retake\github2\minigin\x64\debug\playerhealthcomponent.obj
d:\dae\2020_2021\s4\prog4\2a-retake\github2\minigin\x64\debug\minigin.obj
d:\dae\2020_2021\s4\prog4\2a-retake\github2\minigin\x64\debug\main.obj
d:\dae\2020_2021\s4\prog4\2a-retake\github2\minigin\x64\debug\levelmanager.obj
d:\dae\2020_2021\s4\prog4\2a-retake\github2\minigin\x64\debug\levelclearedeventhandler.obj
d:\dae\2020_2021\s4\prog4\2a-retake\github2\minigin\x64\debug\informationstate.obj
d:\dae\2020_2021\s4\prog4\2a-retake\github2\minigin\x64\debug\healtheventhandler.obj
d:\dae\2020_2021\s4\prog4\2a-retake\github2\minigin\x64\debug\galagafilereader.obj
d:\dae\2020_2021\s4\prog4\2a-retake\github2\minigin\x64\debug\galagabackgroundcomponent.obj
d:\dae\2020_2021\s4\prog4\1a-retake\gameengine\dae_prog4_galaga\x64\debug\galaga.lib
d:\dae\2020_2021\s4\prog4\1a-retake\gameengine\dae_prog4_galaga\x64\debug\galaga.exp
d:\dae\2020_2021\s4\prog4\2a-retake\github2\x64\debug\galaga.lib
d:\dae\2020_2021\s4\prog4\2a-retake\github2\x64\debug\galaga.exp
d:\dae\2020_2021\s4\prog4\1a-retake\gameengine\dae_prog4_galaga\minigin\x64\debug\galaga.ilk
d:\dae\2020_2021\s4\prog4\1a-retake\gameengine\dae_prog4_galaga\x64\debug\galaga.exe
d:\dae\2020_2021\s4\prog4\1a-retake\gameengine\dae_prog4_galaga\x64\debug\galaga.pdb
d:\dae\2020_2021\s4\prog4\2a-retake\github2\x64\debug\galaga.exe
d:\dae\2020_2021\s4\prog4\2a-retake\github2\minigin\x64\debug\galaga.ilk
d:\dae\2020_2021\s4\prog4\2a-retake\github2\x64\debug\galaga.pdb
d:\dae\2020_2021\s4\prog4\2a-retake\github2\minigin\x64\debug\galaga.tlog\cl.command.1.tlog
d:\dae\2020_2021\s4\prog4\2a-retake\github2\minigin\x64\debug\galaga.tlog\cl.read.1.tlog
d:\dae\2020_2021\s4\prog4\2a-retake\github2\minigin\x64\debug\galaga.tlog\cl.write.1.tlog
d:\dae\2020_2021\s4\prog4\2a-retake\github2\minigin\x64\debug\galaga.tlog\galaga.write.1u.tlog
d:\dae\2020_2021\s4\prog4\2a-retake\github2\minigin\x64\debug\galaga.tlog\link.command.1.tlog
d:\dae\2020_2021\s4\prog4\2a-retake\github2\minigin\x64\debug\galaga.tlog\link.read.1.tlog
d:\dae\2020_2021\s4\prog4\2a-retake\github2\minigin\x64\debug\galaga.tlog\link.write.1.tlog
