d:\dae\2020_2021\s4\prog4\1a-retake\gameengine\tvdengine\release\tvdengine.pch
d:\dae\2020_2021\s4\prog4\1a-retake\gameengine\release\tvdengine.pdb
d:\dae\2020_2021\s4\prog4\1a-retake\gameengine\tvdengine\release\pch.obj
d:\dae\2020_2021\s4\prog4\1a-retake\gameengine\tvdengine\release\tvdengine.obj
d:\dae\2020_2021\s4\prog4\1a-retake\gameengine\tvdengine\release\transform.obj
d:\dae\2020_2021\s4\prog4\1a-retake\gameengine\tvdengine\release\texture2d.obj
d:\dae\2020_2021\s4\prog4\1a-retake\gameengine\tvdengine\release\systemtime.obj
d:\dae\2020_2021\s4\prog4\1a-retake\gameengine\tvdengine\release\subject.obj
d:\dae\2020_2021\s4\prog4\1a-retake\gameengine\tvdengine\release\scenemanager.obj
d:\dae\2020_2021\s4\prog4\1a-retake\gameengine\tvdengine\release\scene.obj
d:\dae\2020_2021\s4\prog4\1a-retake\gameengine\tvdengine\release\resourcemanager.obj
d:\dae\2020_2021\s4\prog4\1a-retake\gameengine\tvdengine\release\renderer.obj
d:\dae\2020_2021\s4\prog4\1a-retake\gameengine\tvdengine\release\inputmanager.obj
d:\dae\2020_2021\s4\prog4\1a-retake\gameengine\tvdengine\release\gameobject.obj
d:\dae\2020_2021\s4\prog4\1a-retake\gameengine\tvdengine\release\font.obj
d:\dae\2020_2021\s4\prog4\1a-retake\gameengine\tvdengine\release\components.obj
d:\dae\2020_2021\s4\prog4\1a-retake\gameengine\tvdengine\release\basecommand.obj
d:\dae\2020_2021\s4\prog4\1a-retake\gameengine\tvdengine\release\baseanalogtriggercommand.obj
d:\dae\2020_2021\s4\prog4\1a-retake\gameengine\tvdengine\release\baseanalogstickcommand.obj
d:\dae\2020_2021\s4\prog4\1a-retake\gameengine\release\tvdengine.lib
d:\dae\2020_2021\s4\prog4\1a-retake\gameengine\dae_prog4_galaga\tvdengine\release\baseanalogstickcommand.obj
d:\dae\2020_2021\s4\prog4\1a-retake\gameengine\dae_prog4_galaga\tvdengine\release\baseanalogtriggercommand.obj
d:\dae\2020_2021\s4\prog4\1a-retake\gameengine\dae_prog4_galaga\tvdengine\release\basecommand.obj
d:\dae\2020_2021\s4\prog4\1a-retake\gameengine\dae_prog4_galaga\tvdengine\release\components.obj
d:\dae\2020_2021\s4\prog4\1a-retake\gameengine\dae_prog4_galaga\tvdengine\release\font.obj
d:\dae\2020_2021\s4\prog4\1a-retake\gameengine\dae_prog4_galaga\tvdengine\release\gameobject.obj
d:\dae\2020_2021\s4\prog4\1a-retake\gameengine\dae_prog4_galaga\tvdengine\release\inputmanager.obj
d:\dae\2020_2021\s4\prog4\1a-retake\gameengine\dae_prog4_galaga\tvdengine\release\pch.obj
d:\dae\2020_2021\s4\prog4\1a-retake\gameengine\dae_prog4_galaga\tvdengine\release\renderer.obj
d:\dae\2020_2021\s4\prog4\1a-retake\gameengine\dae_prog4_galaga\tvdengine\release\resourcemanager.obj
d:\dae\2020_2021\s4\prog4\1a-retake\gameengine\dae_prog4_galaga\tvdengine\release\scene.obj
d:\dae\2020_2021\s4\prog4\1a-retake\gameengine\dae_prog4_galaga\tvdengine\release\scenemanager.obj
d:\dae\2020_2021\s4\prog4\1a-retake\gameengine\dae_prog4_galaga\tvdengine\release\subject.obj
d:\dae\2020_2021\s4\prog4\1a-retake\gameengine\dae_prog4_galaga\tvdengine\release\systemtime.obj
d:\dae\2020_2021\s4\prog4\1a-retake\gameengine\dae_prog4_galaga\tvdengine\release\texture2d.obj
d:\dae\2020_2021\s4\prog4\1a-retake\gameengine\dae_prog4_galaga\tvdengine\release\transform.obj
d:\dae\2020_2021\s4\prog4\1a-retake\gameengine\dae_prog4_galaga\tvdengine\release\tvdengine.obj
d:\dae\2020_2021\s4\prog4\1a-retake\gameengine\dae_prog4_galaga\tvdengine\release\tvdengine.pch
d:\dae\2020_2021\s4\prog4\1a-retake\gameengine\dae_prog4_galaga\release\tvdengine.pdb
d:\dae\2020_2021\s4\prog4\1a-retake\gameengine\dae_prog4_galaga\release\tvdengine.lib
d:\dae\2020_2021\s4\prog4\1a-retake\gameengine\dae_prog4_galaga\tvdengine\release\tvdengine.tlog\cl.command.1.tlog
d:\dae\2020_2021\s4\prog4\1a-retake\gameengine\dae_prog4_galaga\tvdengine\release\tvdengine.tlog\cl.read.1.tlog
d:\dae\2020_2021\s4\prog4\1a-retake\gameengine\dae_prog4_galaga\tvdengine\release\tvdengine.tlog\cl.write.1.tlog
d:\dae\2020_2021\s4\prog4\1a-retake\gameengine\dae_prog4_galaga\tvdengine\release\tvdengine.tlog\lib-link.read.1.tlog
d:\dae\2020_2021\s4\prog4\1a-retake\gameengine\dae_prog4_galaga\tvdengine\release\tvdengine.tlog\lib-link.write.1.tlog
d:\dae\2020_2021\s4\prog4\1a-retake\gameengine\dae_prog4_galaga\tvdengine\release\tvdengine.tlog\lib.command.1.tlog
