  pch.cpp
  AudioLocator.cpp
  AudioServiceProvider.cpp
  BaseAnalogStickCommand.cpp
  BaseAnalogTriggerCommand.cpp
  BaseCommand.cpp
  BaseComponent.cpp
  Event.cpp
  Font.cpp
  FPSTextComponent.cpp
  GameObject.cpp
  InputManager.cpp
  RenderComponent.cpp
  Renderer.cpp
  ResourceManager.cpp
  Scene.cpp
D:\DAE\2020_2021\S4\Prog4\1A-Retake\GameEngine\DAE_Prog4_Galaga\TVDengine\Scene.cpp(41,24): error C2220: the following warning is treated as an error
D:\DAE\2020_2021\S4\Prog4\1A-Retake\GameEngine\DAE_Prog4_Galaga\TVDengine\Scene.cpp(41,24): warning C4018: '<': signed/unsigned mismatch
  SceneManager.cpp
  SpriteAnimComponent.cpp
  Subject.cpp
  SystemTime.cpp
  Texture2D.cpp
  Generating Code...
  Compiling...
  Texture2DComponent.cpp
  TextComponent.cpp
  Transform.cpp
  TransformComponent.cpp
  TVDengine.cpp
  Generating Code...
