d:\dae\2020_2021\s4\prog4\1a-retake\gameengine\tvdengine\debug\tvdengine.pch
d:\dae\2020_2021\s4\prog4\1a-retake\gameengine\debug\tvdengine.pdb
d:\dae\2020_2021\s4\prog4\1a-retake\gameengine\debug\tvdengine.idb
d:\dae\2020_2021\s4\prog4\1a-retake\gameengine\tvdengine\debug\pch.obj
d:\dae\2020_2021\s4\prog4\1a-retake\gameengine\tvdengine\debug\tvdengine.obj
d:\dae\2020_2021\s4\prog4\1a-retake\gameengine\tvdengine\debug\transform.obj
d:\dae\2020_2021\s4\prog4\1a-retake\gameengine\tvdengine\debug\texture2d.obj
d:\dae\2020_2021\s4\prog4\1a-retake\gameengine\tvdengine\debug\systemtime.obj
d:\dae\2020_2021\s4\prog4\1a-retake\gameengine\tvdengine\debug\subject.obj
d:\dae\2020_2021\s4\prog4\1a-retake\gameengine\tvdengine\debug\scenemanager.obj
d:\dae\2020_2021\s4\prog4\1a-retake\gameengine\tvdengine\debug\scene.obj
d:\dae\2020_2021\s4\prog4\1a-retake\gameengine\tvdengine\debug\resourcemanager.obj
d:\dae\2020_2021\s4\prog4\1a-retake\gameengine\tvdengine\debug\renderer.obj
d:\dae\2020_2021\s4\prog4\1a-retake\gameengine\tvdengine\debug\inputmanager.obj
d:\dae\2020_2021\s4\prog4\1a-retake\gameengine\tvdengine\debug\gameobject.obj
d:\dae\2020_2021\s4\prog4\1a-retake\gameengine\tvdengine\debug\font.obj
d:\dae\2020_2021\s4\prog4\1a-retake\gameengine\tvdengine\debug\components.obj
d:\dae\2020_2021\s4\prog4\1a-retake\gameengine\tvdengine\debug\basecommand.obj
d:\dae\2020_2021\s4\prog4\1a-retake\gameengine\tvdengine\debug\baseanalogtriggercommand.obj
d:\dae\2020_2021\s4\prog4\1a-retake\gameengine\tvdengine\debug\baseanalogstickcommand.obj
d:\dae\2020_2021\s4\prog4\1a-retake\gameengine\debug\tvdengine.lib
d:\dae\2020_2021\s4\prog4\1a-retake\gameengine\dae_prog4_galaga\tvdengine\debug\baseanalogstickcommand.obj
d:\dae\2020_2021\s4\prog4\1a-retake\gameengine\dae_prog4_galaga\tvdengine\debug\baseanalogtriggercommand.obj
d:\dae\2020_2021\s4\prog4\1a-retake\gameengine\dae_prog4_galaga\tvdengine\debug\basecommand.obj
d:\dae\2020_2021\s4\prog4\1a-retake\gameengine\dae_prog4_galaga\tvdengine\debug\components.obj
d:\dae\2020_2021\s4\prog4\1a-retake\gameengine\dae_prog4_galaga\tvdengine\debug\font.obj
d:\dae\2020_2021\s4\prog4\1a-retake\gameengine\dae_prog4_galaga\tvdengine\debug\gameobject.obj
d:\dae\2020_2021\s4\prog4\1a-retake\gameengine\dae_prog4_galaga\tvdengine\debug\inputmanager.obj
d:\dae\2020_2021\s4\prog4\1a-retake\gameengine\dae_prog4_galaga\tvdengine\debug\pch.obj
d:\dae\2020_2021\s4\prog4\1a-retake\gameengine\dae_prog4_galaga\tvdengine\debug\renderer.obj
d:\dae\2020_2021\s4\prog4\1a-retake\gameengine\dae_prog4_galaga\tvdengine\debug\resourcemanager.obj
d:\dae\2020_2021\s4\prog4\1a-retake\gameengine\dae_prog4_galaga\tvdengine\debug\scene.obj
d:\dae\2020_2021\s4\prog4\1a-retake\gameengine\dae_prog4_galaga\tvdengine\debug\scenemanager.obj
d:\dae\2020_2021\s4\prog4\1a-retake\gameengine\dae_prog4_galaga\tvdengine\debug\subject.obj
d:\dae\2020_2021\s4\prog4\1a-retake\gameengine\dae_prog4_galaga\tvdengine\debug\systemtime.obj
d:\dae\2020_2021\s4\prog4\1a-retake\gameengine\dae_prog4_galaga\tvdengine\debug\texture2d.obj
d:\dae\2020_2021\s4\prog4\1a-retake\gameengine\dae_prog4_galaga\tvdengine\debug\transform.obj
d:\dae\2020_2021\s4\prog4\1a-retake\gameengine\dae_prog4_galaga\tvdengine\debug\tvdengine.obj
d:\dae\2020_2021\s4\prog4\1a-retake\gameengine\dae_prog4_galaga\tvdengine\debug\tvdengine.pch
d:\dae\2020_2021\s4\prog4\1a-retake\gameengine\dae_prog4_galaga\debug\tvdengine.pdb
d:\dae\2020_2021\s4\prog4\1a-retake\gameengine\dae_prog4_galaga\debug\tvdengine.lib
d:\dae\2020_2021\s4\prog4\1a-retake\gameengine\dae_prog4_galaga\tvdengine\debug\tvdengine.tlog\cl.command.1.tlog
d:\dae\2020_2021\s4\prog4\1a-retake\gameengine\dae_prog4_galaga\tvdengine\debug\tvdengine.tlog\cl.read.1.tlog
d:\dae\2020_2021\s4\prog4\1a-retake\gameengine\dae_prog4_galaga\tvdengine\debug\tvdengine.tlog\cl.write.1.tlog
d:\dae\2020_2021\s4\prog4\1a-retake\gameengine\dae_prog4_galaga\tvdengine\debug\tvdengine.tlog\lib-link.read.1.tlog
d:\dae\2020_2021\s4\prog4\1a-retake\gameengine\dae_prog4_galaga\tvdengine\debug\tvdengine.tlog\lib-link.write.1.tlog
d:\dae\2020_2021\s4\prog4\1a-retake\gameengine\dae_prog4_galaga\tvdengine\debug\tvdengine.tlog\lib.command.1.tlog
