d:\dae\2020_2021\s4\prog4\1a-retake\gameengine\dae_prog4_galaga\minigin\win32\debug\galaga.pch
d:\dae\2020_2021\s4\prog4\1a-retake\gameengine\dae_prog4_galaga\minigin\win32\debug\vc142.pdb
d:\dae\2020_2021\s4\prog4\1a-retake\gameengine\dae_prog4_galaga\minigin\win32\debug\vc142.idb
d:\dae\2020_2021\s4\prog4\1a-retake\gameengine\dae_prog4_galaga\minigin\win32\debug\miniginpch.obj
d:\dae\2020_2021\s4\prog4\1a-retake\gameengine\dae_prog4_galaga\minigin\win32\debug\scoreobserver.obj
d:\dae\2020_2021\s4\prog4\1a-retake\gameengine\dae_prog4_galaga\minigin\win32\debug\minigin.obj
d:\dae\2020_2021\s4\prog4\1a-retake\gameengine\dae_prog4_galaga\minigin\win32\debug\main.obj
d:\dae\2020_2021\s4\prog4\1a-retake\gameengine\dae_prog4_galaga\minigin\win32\debug\livesobserver.obj
d:\dae\2020_2021\s4\prog4\1a-retake\gameengine\dae_prog4_galaga\minigin\win32\debug\fightershipmovementcomponent.obj
d:\dae\2020_2021\s4\prog4\1a-retake\gameengine\dae_prog4_galaga\win32\debug\galaga.lib
d:\dae\2020_2021\s4\prog4\1a-retake\gameengine\dae_prog4_galaga\win32\debug\galaga.exp
d:\dae\2020_2021\s4\prog4\1a-retake\gameengine\dae_prog4_galaga\minigin\win32\debug\galaga.ilk
d:\dae\2020_2021\s4\prog4\1a-retake\gameengine\dae_prog4_galaga\win32\debug\galaga.exe
d:\dae\2020_2021\s4\prog4\1a-retake\gameengine\dae_prog4_galaga\win32\debug\galaga.pdb
d:\dae\2020_2021\s4\prog4\1a-retake\gameengine\dae_prog4_galaga\minigin\win32\debug\galaga.tlog\cl.command.1.tlog
d:\dae\2020_2021\s4\prog4\1a-retake\gameengine\dae_prog4_galaga\minigin\win32\debug\galaga.tlog\cl.read.1.tlog
d:\dae\2020_2021\s4\prog4\1a-retake\gameengine\dae_prog4_galaga\minigin\win32\debug\galaga.tlog\cl.write.1.tlog
d:\dae\2020_2021\s4\prog4\1a-retake\gameengine\dae_prog4_galaga\minigin\win32\debug\galaga.tlog\galaga.write.1u.tlog
d:\dae\2020_2021\s4\prog4\1a-retake\gameengine\dae_prog4_galaga\minigin\win32\debug\galaga.tlog\link.command.1.tlog
d:\dae\2020_2021\s4\prog4\1a-retake\gameengine\dae_prog4_galaga\minigin\win32\debug\galaga.tlog\link.read.1.tlog
d:\dae\2020_2021\s4\prog4\1a-retake\gameengine\dae_prog4_galaga\minigin\win32\debug\galaga.tlog\link.write.1.tlog
